Tue Oct 06 16:50:18 NZDT 2020 : Apache Derby Network Server - 10.14.2.0 - (1828579) started and ready to accept connections on port 1527
----------------------------------------------------------------
Tue Oct 06 16:51:44 NZDT 2020:
Booting Derby version The Apache Software Foundation - Apache Derby - 10.14.2.0 - (1828579): instance a816c00e-0174-fc08-074e-ffffc8f96407 
on database directory C:\Users\Jose\Desktop\Code\Java\PDC\PDC - Project\Chess Game\src\ChessDB\ChessDB with class loader sun.misc.Launcher$AppClassLoader@1d44bcfa 
Loaded from file:/C:/Users/Jose/Desktop/Code/Java/PDC/PDC%20-%20Project/Chess%20Game/db-derby-10.14.2.0-bin/lib/derby.jar
java.vendor=Oracle Corporation
java.runtime.version=1.8.0_261-b12
user.dir=C:\Users\Jose\Desktop\Code\Java\PDC\PDC - Project\Chess Game\db-derby-10.14.2.0-bin
os.name=Windows 10
os.arch=amd64
os.version=10.0
derby.system.home=C:\Users\Jose\Desktop\Code\Java\PDC\PDC - Project\Chess Game\src\ChessDB
Database Class Loader started - derby.database.classpath=''
----------------------------------------------------------------
Tue Oct 06 16:51:45 NZDT 2020:
Shutting down instance a816c00e-0174-fc08-074e-ffffc8f96407 on database directory C:\Users\Jose\Desktop\Code\Java\PDC\PDC - Project\Chess Game\src\ChessDB\ChessDB with class loader sun.misc.Launcher$AppClassLoader@1d44bcfa 
Tue Oct 06 16:51:45 NZDT 2020 Thread[DRDAConnThread_3,5,main] (DATABASE = ChessDB), (DRDAID = {2}), Database 'ChessDB' shutdown.
----------------------------------------------------------------
Tue Oct 06 16:52:03 NZDT 2020:
Booting Derby version The Apache Software Foundation - Apache Derby - 10.14.2.0 - (1828579): instance 6ede40af-0174-fc08-074e-ffffc8f96407 
on database directory C:\Users\Jose\Desktop\Code\Java\PDC\PDC - Project\Chess Game\src\ChessDB\ChessDB with class loader sun.misc.Launcher$AppClassLoader@1d44bcfa 
Loaded from file:/C:/Users/Jose/Desktop/Code/Java/PDC/PDC%20-%20Project/Chess%20Game/db-derby-10.14.2.0-bin/lib/derby.jar
java.vendor=Oracle Corporation
java.runtime.version=1.8.0_261-b12
user.dir=C:\Users\Jose\Desktop\Code\Java\PDC\PDC - Project\Chess Game\db-derby-10.14.2.0-bin
os.name=Windows 10
os.arch=amd64
os.version=10.0
derby.system.home=C:\Users\Jose\Desktop\Code\Java\PDC\PDC - Project\Chess Game\src\ChessDB
Database Class Loader started - derby.database.classpath=''
----------------------------------------------------------------
Tue Oct 06 21:29:12 NZDT 2020: Shutting down Derby engine
----------------------------------------------------------------
Tue Oct 06 21:29:12 NZDT 2020:
Shutting down instance 6ede40af-0174-fc08-074e-ffffc8f96407 on database directory C:\Users\Jose\Desktop\Code\Java\PDC\PDC - Project\Chess Game\src\ChessDB\ChessDB with class loader sun.misc.Launcher$AppClassLoader@1d44bcfa 
----------------------------------------------------------------
